[18:18:09] [main/INFO] (Launcher) ModLauncher running: args [--launchTarget, neoforgeclientdev, --version, 21.4.92-beta, --assetIndex, 1.21.4-19, --assetsDir, C:\Users\tommy\.gradle\caches\fabric-loom\assets, --gameDir, ., --fml.fmlVersion, 6.0.9, --fml.mcVersion, 1.21.4, --fml.neoForgeVersion, 21.4.92-beta, --fml.neoFormVersion, 20241203.161809]
[18:18:09] [main/INFO] (Launcher) JVM identified as Oracle Corporation Java HotSpot(TM) 64-Bit Server VM 21.0.6+8-LTS-188
[18:18:09] [main/INFO] (Launcher) ModLauncher 11.0.4+main.d2e20e43 starting: java version 21.0.6 by Oracle Corporation; OS Windows 11 arch amd64 version 10.0
[18:18:09] [main/WARN] (FMLConfig) Configuration file E:\WorkSpaces\LYIVXsCore 1.21.4\neoforge\run\config\fml.toml is not correct. Correcting
[18:18:09] [main/INFO] (ImmediateWindowHandler) Loading ImmediateWindowProvider fmlearlywindow
[18:18:09] [main/INFO] (EARLYDISPLAY) Trying GL version 4.6
[18:18:09] [main/INFO] (EARLYDISPLAY) Requested GL version 4.6 got version 4.6
[18:18:09] [main/INFO] (mixin) SpongePowered MIXIN Subsystem Version=0.8.7 Source=union:/C:/Users/tommy/.gradle/caches/modules-2/files-2.1/net.fabricmc/sponge-mixin/0.15.2+mixin.0.8.7/2af2f021d8e02a0220dc27a7a72b4666d66d44ca/sponge-mixin-0.15.2+mixin.0.8.7.jar%23138!/ Service=ModLauncher Env=CLIENT
[18:18:09] [main/WARN] (FMLConfig) Configuration file E:\WorkSpaces\LYIVXsCore 1.21.4\neoforge\run\config\fml.toml is not correct. Correcting
[18:18:09] [main/INFO] (ModDiscoverer) Found mod file "neoforge-21.4.92-beta-minecraft-merged-af2793170b-1.21.4-loom.mappings.1_21_4.layered+hash.1819996326-v2-neoforge-21.4.92-beta.jar" [locator: neoforge devenv provider ([E:\WorkSpaces\LYIVXsCore 1.21.4\.gradle\loom-cache\minecraftMaven\net\minecraft\neoforge-21.4.92-beta-minecraft-merged-af2793170b\1.21.4-loom.mappings.1_21_4.layered+hash.1819996326-v2-neoforge-21.4.92-beta\neoforge-21.4.92-beta-minecraft-merged-af2793170b-1.21.4-loom.mappings.1_21_4.layered+hash.1819996326-v2-neoforge-21.4.92-beta.jar])]
[18:18:09] [main/INFO] (ModDiscoverer) Found mod file "neoforge-21.4.92-beta-minecraft-merged-af2793170b-1.21.4-loom.mappings.1_21_4.layered+hash.1819996326-v2-neoforge-21.4.92-beta.jar" [locator: neoforge devenv provider ([E:\WorkSpaces\LYIVXsCore 1.21.4\.gradle\loom-cache\minecraftMaven\net\minecraft\neoforge-21.4.92-beta-minecraft-merged-af2793170b\1.21.4-loom.mappings.1_21_4.layered+hash.1819996326-v2-neoforge-21.4.92-beta\neoforge-21.4.92-beta-minecraft-merged-af2793170b-1.21.4-loom.mappings.1_21_4.layered+hash.1819996326-v2-neoforge-21.4.92-beta.jar])]
[18:18:09] [main/INFO] (ModDiscoverer) Found mod file "main" [locator: userdev mods and services, reader: mod manifest]
[18:18:10] [main/INFO] (ModDiscoverer) Found mod file "neoforge-21.4.92-beta-minecraft-merged-af2793170b-1.21.4-loom.mappings.1_21_4.layered+hash.1819996326-v2-neoforge-21.4.92-beta.jar" [locator: userdev mods and services, reader: mod manifest]
[18:18:10] [main/INFO] (ModDiscoverer) Found mod file "architectury-neoforge-15.0.3.jar" [locator: userdev mods and services, reader: mod manifest]
[18:18:10] [main/INFO] (ModDiscoverer) Found mod file "resourcefullib-neoforge-1.21.4-3.4.5.jar" [locator: userdev mods and services, reader: mod manifest]
[18:18:10] [main/INFO] (ModDiscoverer) Found mod file "15930931166916632030.jar" [locator: userdev mods and services, reader: mod manifest]
[18:18:10] [pool-5-thread-1/INFO] (EARLYDISPLAY) GL info: NVIDIA GeForce RTX 3060/PCIe/SSE2 GL version 4.6.0 NVIDIA 572.70, NVIDIA Corporation
[18:18:10] [main/INFO] (ModDiscoverer) Found gamelibrary file "mixinextras-neoforge-0.4.1.jar" [locator: userdev mods and services, reader: mod manifest]
[18:18:10] [main/WARN] (JarSelector) Attempted to select a dependency jar for JarJar which was passed in as source: library:mixinextras.neoforge. Using Mod File: C:\Users\tommy\.gradle\caches\modules-2\files-2.1\io.github.llamalad7\mixinextras-neoforge\0.4.1\eff97772ecd0dcf8e52cdbafd3b3ccec425f8314\mixinextras-neoforge-0.4.1.jar
[18:18:10] [main/INFO] (JarInJarDependencyLocator) Found 1 dependencies adding them to mods collection
[18:18:10] [main/INFO] (ModDiscoverer) Found library file "net.neoforged.neoforge-coremods-21.4.92-beta.jar" [parent: neoforge-21.4.92-beta-minecraft-merged-af2793170b-1.21.4-loom.mappings.1_21_4.layered+hash.1819996326-v2-neoforge-21.4.92-beta.jar, locator: jarinjar, reader: mod manifest]
[18:18:10] [main/INFO] (ModDiscoverer) 
     Mod List:
		Name Version (Mod Id)

		Architectury 15.0.3 (architectury)
		generated_273bc0a 1 (generated_273bc0a)
		LYIVX's Core 1.0.3 (ls_core)
		Minecraft 1.21.4 (minecraft)
		NeoForge 21.4.92-beta (neoforge)
		Resourceful Lib 3.4.5 (resourcefullib)
[18:18:10] [main/INFO] (mixin) Compatibility level set to JAVA_17
[18:18:10] [main/INFO] (LaunchServiceHandler) Launching target 'neoforgeclientdev' with arguments [--version, 21.4.92-beta, --gameDir, ., --assetsDir, C:\Users\tommy\.gradle\caches\fabric-loom\assets, --assetIndex, 1.21.4-19]
[18:18:10] [main/INFO] (unprotect) Found 8841 Minecraft classes
[12Jul2025 18:18:13.271] [Datafixer Bootstrap/INFO] [com.mojang.datafixers.DataFixerBuilder/]: 246 Datafixer optimizations took 432 milliseconds
[12Jul2025 18:18:13.496] [pool-13-thread-1/INFO] [MixinExtras|Service/]: Initializing MixinExtras via com.llamalad7.mixinextras.service.MixinExtrasServiceImpl(version=0.4.1).
[12Jul2025 18:18:19.223] [main/WARN] [net.minecraft.commands.Commands/]: Ambiguity between arguments [teleport, location] and [teleport, destination] with inputs: [0.1 -0.5 .9, 0 0 0]
[12Jul2025 18:18:19.224] [main/WARN] [net.minecraft.commands.Commands/]: Ambiguity between arguments [teleport, location] and [teleport, targets] with inputs: [0.1 -0.5 .9, 0 0 0]
[12Jul2025 18:18:19.227] [main/WARN] [net.minecraft.commands.Commands/]: Ambiguity between arguments [teleport, destination] and [teleport, targets] with inputs: [Player, 0123, @e, dd12be42-52a9-4a91-a8a1-11c01849e498]
[12Jul2025 18:18:19.227] [main/WARN] [net.minecraft.commands.Commands/]: Ambiguity between arguments [teleport, targets] and [teleport, destination] with inputs: [Player, 0123, dd12be42-52a9-4a91-a8a1-11c01849e498]
[12Jul2025 18:18:19.229] [main/WARN] [net.minecraft.commands.Commands/]: Ambiguity between arguments [teleport, targets, location] and [teleport, targets, destination] with inputs: [0.1 -0.5 .9, 0 0 0]
[12Jul2025 18:18:19.382] [Render thread/WARN] [net.minecraft.server.packs.VanillaPackResourcesBuilder/]: Assets URL 'union:/E:/WorkSpaces/LYIVXsCore%201.21.4/.gradle/loom-cache/minecraftMaven/net/minecraft/neoforge-21.4.92-beta-minecraft-merged-af2793170b/1.21.4-loom.mappings.1_21_4.layered+hash.1819996326-v2-neoforge-21.4.92-beta/neoforge-21.4.92-beta-minecraft-merged-af2793170b-1.21.4-loom.mappings.1_21_4.layered+hash.1819996326-v2-neoforge-21.4.92-beta.jar%23224!/assets/.mcassetsroot' uses unexpected schema
[12Jul2025 18:18:19.382] [Render thread/WARN] [net.minecraft.server.packs.VanillaPackResourcesBuilder/]: Assets URL 'union:/E:/WorkSpaces/LYIVXsCore%201.21.4/.gradle/loom-cache/minecraftMaven/net/minecraft/neoforge-21.4.92-beta-minecraft-merged-af2793170b/1.21.4-loom.mappings.1_21_4.layered+hash.1819996326-v2-neoforge-21.4.92-beta/neoforge-21.4.92-beta-minecraft-merged-af2793170b-1.21.4-loom.mappings.1_21_4.layered+hash.1819996326-v2-neoforge-21.4.92-beta.jar%23224!/data/.mcassetsroot' uses unexpected schema
[12Jul2025 18:18:19.411] [Render thread/INFO] [com.mojang.authlib.yggdrasil.YggdrasilAuthenticationService/]: Environment: Environment[sessionHost=https://sessionserver.mojang.com, servicesHost=https://api.minecraftservices.com, name=PROD]
[12Jul2025 18:18:19.422] [Render thread/INFO] [net.minecraft.client.Minecraft/]: Setting user: Dev
[12Jul2025 18:18:19.503] [Render thread/INFO] [net.minecraft.client.Minecraft/]: Backend library: LWJGL version 3.3.3+5
[12Jul2025 18:18:19.739] [modloading-worker-0/INFO] [net.neoforged.neoforge.common.NeoForgeMod/NEOFORGE-MOD]: NeoForge mod loading, version 21.4.92-beta, for MC 1.21.4
[12Jul2025 18:18:20.090] [modloading-sync-worker/WARN] [net.neoforged.fml.config.ConfigTracker/CONFIG]: Configuration file E:\WorkSpaces\LYIVXsCore 1.21.4\neoforge\run\config\neoforge-client.toml is not correct. Correcting
[12Jul2025 18:18:20.132] [modloading-sync-worker/WARN] [net.neoforged.fml.config.ConfigTracker/CONFIG]: Configuration file E:\WorkSpaces\LYIVXsCore 1.21.4\neoforge\run\config\neoforge-common.toml is not correct. Correcting
[12Jul2025 18:18:20.607] [Render thread/INFO] [net.neoforged.neoforge.gametest.GameTestHooks/]: Enabled Gametest Namespaces: []
[12Jul2025 18:18:20.849] [Render thread/INFO] [net.minecraft.server.packs.resources.ReloadableResourceManager/]: Reloading ResourceManager: vanilla, mod_resources, mod/ls_core, mod/resourcefullib, mod/generated_273bc0a, mod/architectury, mod/neoforge
[12Jul2025 18:18:20.999] [resourceLoad/INFO] [ls_core/]: Discovered config provider: ls_core
[12Jul2025 18:18:21.000] [resourceLoad/INFO] [net.minecraft.client.gui.font.providers.UnihexProvider/]: Found unifont_all_no_pua-16.0.01.hex, loading
[12Jul2025 18:18:20.999] [resourceLoad/INFO] [net.minecraft.client.gui.font.providers.UnihexProvider/]: Found unifont_jp_patch-16.0.01.hex, loading
[12Jul2025 18:18:21.044] [resourceLoad/INFO] [ls_core/]: Registered config spec for LYIVX's Core.
[12Jul2025 18:18:21.045] [resourceLoad/INFO] [ls_core/]: Loaded 1 config providers.
[12Jul2025 18:18:22.477] [Render thread/INFO] [com.mojang.blaze3d.audio.Library/]: OpenAL initialized on device OpenAL Soft on Speakers (HyperX QuadCast S)
[12Jul2025 18:18:22.478] [Render thread/INFO] [net.minecraft.client.sounds.SoundEngine/SOUNDS]: Sound engine started
[12Jul2025 18:18:22.572] [Render thread/INFO] [net.minecraft.client.renderer.texture.TextureAtlas/]: Created: 1024x512x4 minecraft:textures/atlas/blocks.png-atlas
[12Jul2025 18:18:22.581] [Render thread/INFO] [net.minecraft.client.renderer.texture.TextureAtlas/]: Created: 256x256x4 minecraft:textures/atlas/signs.png-atlas
[12Jul2025 18:18:22.581] [Render thread/INFO] [net.minecraft.client.renderer.texture.TextureAtlas/]: Created: 512x512x4 minecraft:textures/atlas/shield_patterns.png-atlas
[12Jul2025 18:18:22.582] [Render thread/INFO] [net.minecraft.client.renderer.texture.TextureAtlas/]: Created: 512x512x4 minecraft:textures/atlas/banner_patterns.png-atlas
[12Jul2025 18:18:22.582] [Render thread/INFO] [net.minecraft.client.renderer.texture.TextureAtlas/]: Created: 2048x1024x4 minecraft:textures/atlas/armor_trims.png-atlas
[12Jul2025 18:18:22.585] [Render thread/INFO] [net.minecraft.client.renderer.texture.TextureAtlas/]: Created: 128x64x4 minecraft:textures/atlas/decorated_pot.png-atlas
[12Jul2025 18:18:22.586] [Render thread/INFO] [net.minecraft.client.renderer.texture.TextureAtlas/]: Created: 256x256x4 minecraft:textures/atlas/chest.png-atlas
[12Jul2025 18:18:22.586] [Render thread/INFO] [net.minecraft.client.renderer.texture.TextureAtlas/]: Created: 512x256x4 minecraft:textures/atlas/shulker_boxes.png-atlas
[12Jul2025 18:18:22.586] [Render thread/INFO] [net.minecraft.client.renderer.texture.TextureAtlas/]: Created: 512x256x4 minecraft:textures/atlas/beds.png-atlas
[12Jul2025 18:18:22.592] [Render thread/INFO] [net.minecraft.client.renderer.texture.TextureAtlas/]: Created: 64x64x0 minecraft:textures/atlas/map_decorations.png-atlas
[12Jul2025 18:18:22.776] [Render thread/INFO] [net.minecraft.client.renderer.texture.TextureAtlas/]: Created: 512x256x0 minecraft:textures/atlas/particles.png-atlas
[12Jul2025 18:18:22.777] [Render thread/INFO] [net.minecraft.client.renderer.texture.TextureAtlas/]: Created: 512x256x0 minecraft:textures/atlas/paintings.png-atlas
[12Jul2025 18:18:22.778] [Render thread/INFO] [net.minecraft.client.renderer.texture.TextureAtlas/]: Created: 256x128x0 minecraft:textures/atlas/mob_effects.png-atlas
[12Jul2025 18:18:22.778] [Render thread/INFO] [net.minecraft.client.renderer.texture.TextureAtlas/]: Created: 1024x512x0 minecraft:textures/atlas/gui.png-atlas
[12Jul2025 18:18:22.782] [Render thread/INFO] [net.neoforged.neoforge.client.entity.animation.json.AnimationLoader/]: Loaded 0 entity animations
[12Jul2025 18:18:29.640] [Render thread/INFO] [net.minecraft.world.item.crafting.RecipeManager/]: Loaded 1370 recipes
[12Jul2025 18:18:29.654] [Render thread/INFO] [net.minecraft.advancements.AdvancementTree/]: Loaded 1481 advancements
[12Jul2025 18:18:31.412] [Server thread/INFO] [net.minecraft.client.server.IntegratedServer/]: Starting integrated minecraft server version 1.21.4
[12Jul2025 18:18:31.414] [Server thread/INFO] [net.minecraft.server.MinecraftServer/]: Generating keypair
[12Jul2025 18:18:34.862] [Server thread/INFO] [net.minecraft.server.MinecraftServer/]: Preparing start region for dimension minecraft:overworld
[12Jul2025 18:18:34.900] [progressListener/INFO] [net.minecraft.server.level.progress.LoggerChunkProgressListener/]: Preparing spawn area: 2%
[12Jul2025 18:18:35.379] [progressListener/INFO] [net.minecraft.server.level.progress.LoggerChunkProgressListener/]: Preparing spawn area: 2%
[12Jul2025 18:18:35.869] [progressListener/INFO] [net.minecraft.server.level.progress.LoggerChunkProgressListener/]: Preparing spawn area: 2%
[12Jul2025 18:18:36.369] [progressListener/INFO] [net.minecraft.server.level.progress.LoggerChunkProgressListener/]: Preparing spawn area: 18%
[12Jul2025 18:18:36.869] [progressListener/INFO] [net.minecraft.server.level.progress.LoggerChunkProgressListener/]: Preparing spawn area: 18%
[12Jul2025 18:18:37.379] [progressListener/INFO] [net.minecraft.server.level.progress.LoggerChunkProgressListener/]: Preparing spawn area: 51%
[12Jul2025 18:18:37.869] [progressListener/INFO] [net.minecraft.server.level.progress.LoggerChunkProgressListener/]: Preparing spawn area: 63%
[12Jul2025 18:18:37.904] [Server thread/INFO] [net.neoforged.neoforge.server.permission.PermissionAPI/]: Successfully initialized permission handler neoforge:default_handler
[12Jul2025 18:18:37.905] [progressListener/INFO] [net.minecraft.server.level.progress.LoggerChunkProgressListener/]: Time elapsed: 3040 ms
[12Jul2025 18:18:37.942] [Server thread/INFO] [net.minecraft.client.server.IntegratedServer/]: Changing view distance to 12, from 10
[12Jul2025 18:18:37.942] [Server thread/INFO] [net.minecraft.client.server.IntegratedServer/]: Changing simulation distance to 12, from 0
[12Jul2025 18:18:38.763] [Server thread/INFO] [net.minecraft.server.players.PlayerList/]: Dev[local:E:1855fcfd] logged in with entity id 41 at (56.5, 76.0, 150.5)
[12Jul2025 18:18:38.809] [Server thread/INFO] [net.minecraft.server.MinecraftServer/]: Dev joined the game
[12Jul2025 18:18:39.351] [Render thread/INFO] [net.minecraft.advancements.AdvancementTree/]: Loaded 2 advancements
[12Jul2025 18:18:40.809] [Server thread/INFO] [net.minecraft.client.server.IntegratedServer/]: Saving and pausing game...
[12Jul2025 18:18:40.848] [Server thread/INFO] [net.minecraft.server.MinecraftServer/]: Saving chunks for level 'ServerLevel[New World]'/minecraft:overworld
[12Jul2025 18:18:40.869] [Server thread/INFO] [net.minecraft.server.MinecraftServer/]: Saving chunks for level 'ServerLevel[New World]'/minecraft:the_nether
[12Jul2025 18:18:40.869] [Server thread/INFO] [net.minecraft.server.MinecraftServer/]: Saving chunks for level 'ServerLevel[New World]'/minecraft:the_end
[12Jul2025 18:18:42.576] [Render thread/INFO] [net.minecraft.client.Minecraft/]: Stopping!
[12Jul2025 18:18:42.661] [Server thread/INFO] [net.minecraft.server.network.ServerGamePacketListenerImpl/]: Dev lost connection: Disconnected
[12Jul2025 18:18:42.661] [Server thread/INFO] [net.minecraft.server.MinecraftServer/]: Dev left the game
[12Jul2025 18:18:42.698] [Server thread/INFO] [net.minecraft.server.network.ServerCommonPacketListenerImpl/]: Stopping singleplayer server as player logged out
[12Jul2025 18:18:42.723] [Server thread/INFO] [net.minecraft.server.MinecraftServer/]: Stopping server
[12Jul2025 18:18:42.724] [Server thread/INFO] [net.minecraft.server.MinecraftServer/]: Saving players
[12Jul2025 18:18:42.724] [Server thread/INFO] [net.minecraft.server.MinecraftServer/]: Saving worlds
[12Jul2025 18:18:44.758] [Server thread/INFO] [net.minecraft.server.MinecraftServer/]: Saving chunks for level 'ServerLevel[New World]'/minecraft:overworld
[12Jul2025 18:18:45.478] [Server thread/INFO] [net.minecraft.server.MinecraftServer/]: Saving chunks for level 'ServerLevel[New World]'/minecraft:the_nether
[12Jul2025 18:18:45.541] [Server thread/INFO] [net.minecraft.server.MinecraftServer/]: Saving chunks for level 'ServerLevel[New World]'/minecraft:the_end
[12Jul2025 18:18:45.595] [Server thread/INFO] [net.minecraft.server.MinecraftServer/]: ThreadedAnvilChunkStorage (New World): All chunks are saved
[12Jul2025 18:18:45.595] [Server thread/INFO] [net.minecraft.server.MinecraftServer/]: ThreadedAnvilChunkStorage (DIM-1): All chunks are saved
[12Jul2025 18:18:45.595] [Server thread/INFO] [net.minecraft.server.MinecraftServer/]: ThreadedAnvilChunkStorage (DIM1): All chunks are saved
[12Jul2025 18:18:45.595] [Server thread/INFO] [net.minecraft.server.MinecraftServer/]: ThreadedAnvilChunkStorage: All dimensions are saved
