[01:17:44] [main/INFO] (FabricLoader/GameProvider) Loading Minecraft 1.21 with Fabric Loader 0.16.5
[01:17:44] [main/INFO] (FabricLoader) Loading 4 mods:
	- fabricloader 0.16.5
	- java 21
	- minecraft 1.21
	- mixinextras 0.4.1
[01:17:44] [main/INFO] (FabricLoader/Mixin) SpongePowered MIXIN Subsystem Version=0.8.7 Source=file:/C:/Users/tommy/.gradle/caches/modules-2/files-2.1/net.fabricmc/sponge-mixin/0.15.3+mixin.0.8.7/51ee0a44ab05f6fddd66b09e66b3a16904f9c55d/sponge-mixin-0.15.3+mixin.0.8.7.jar Service=Knot/Fabric Env=CLIENT
[01:17:44] [main/INFO] (FabricLoader/Mixin) Loaded Fabric development mappings for mixin remapper!
[01:17:46] [Datafixer Bootstrap/INFO] (Minecraft) 226 Datafixer optimizations took 372 milliseconds
[01:17:52] [Render thread/INFO] (Minecraft) Environment: Environment[sessionHost=https://sessionserver.mojang.com, servicesHost=https://api.minecraftservices.com, name=PROD]
[01:17:52] [Render thread/INFO] (Minecraft) Setting user: Player97
[01:17:52] [Render thread/INFO] (Minecraft) Backend library: LWJGL version 3.3.3-snapshot
[01:17:54] [Render thread/INFO] (Minecraft) Reloading ResourceManager: vanilla
[01:17:55] [Worker-Main-3/INFO] (Minecraft) Found unifont_all_no_pua-15.1.05.hex, loading
[01:17:55] [Worker-Main-1/INFO] (Minecraft) Found unifont_jp_patch-15.1.05.hex, loading
[01:17:57] [Render thread/WARN] (Minecraft) Missing sound for event: minecraft:item.goat_horn.play
[01:17:57] [Render thread/WARN] (Minecraft) Missing sound for event: minecraft:entity.goat.screaming.horn_break
[01:17:57] [Render thread/INFO] (Minecraft) OpenAL initialized on device OpenAL Soft on Speakers (HyperX QuadCast S)
[01:17:57] [Render thread/INFO] (Minecraft) Sound engine started
[01:17:57] [Render thread/INFO] (Minecraft) Created: 1024x512x4 minecraft:textures/atlas/blocks.png-atlas
[01:17:57] [Render thread/INFO] (Minecraft) Created: 256x256x4 minecraft:textures/atlas/signs.png-atlas
[01:17:57] [Render thread/INFO] (Minecraft) Created: 512x512x4 minecraft:textures/atlas/shield_patterns.png-atlas
[01:17:57] [Render thread/INFO] (Minecraft) Created: 512x512x4 minecraft:textures/atlas/banner_patterns.png-atlas
[01:17:57] [Render thread/INFO] (Minecraft) Created: 1024x1024x4 minecraft:textures/atlas/armor_trims.png-atlas
[01:17:57] [Render thread/INFO] (Minecraft) Created: 128x64x4 minecraft:textures/atlas/decorated_pot.png-atlas
[01:17:57] [Render thread/INFO] (Minecraft) Created: 256x256x4 minecraft:textures/atlas/chest.png-atlas
[01:17:57] [Render thread/INFO] (Minecraft) Created: 512x256x4 minecraft:textures/atlas/shulker_boxes.png-atlas
[01:17:57] [Render thread/INFO] (Minecraft) Created: 512x256x4 minecraft:textures/atlas/beds.png-atlas
[01:17:58] [Render thread/INFO] (Minecraft) Created: 512x256x0 minecraft:textures/atlas/particles.png-atlas
[01:17:58] [Render thread/INFO] (Minecraft) Created: 512x256x0 minecraft:textures/atlas/paintings.png-atlas
[01:17:58] [Render thread/INFO] (Minecraft) Created: 256x128x0 minecraft:textures/atlas/mob_effects.png-atlas
[01:17:58] [Render thread/INFO] (Minecraft) Created: 64x64x0 minecraft:textures/atlas/map_decorations.png-atlas
[01:17:58] [Render thread/INFO] (Minecraft) Created: 1024x512x0 minecraft:textures/atlas/gui.png-atlas
[01:17:58] [Render thread/WARN] (Minecraft) Shader rendertype_entity_translucent_emissive could not find sampler named Sampler2 in the specified shader program.
[01:18:14] [Render thread/WARN] (Minecraft) Missing sound for event: minecraft:item.goat_horn.play
[01:18:14] [Render thread/WARN] (Minecraft) Missing sound for event: minecraft:entity.goat.screaming.horn_break
[01:18:14] [Render thread/INFO] (Minecraft) OpenAL initialized on device OpenAL Soft on Speakers (HyperX QuadCast S)
[01:18:14] [Render thread/INFO] (Minecraft) Sound engine started
[01:18:16] [Render thread/INFO] (Minecraft) Loaded 1290 recipes
[01:18:17] [Render thread/INFO] (Minecraft) Loaded 1399 advancements
[01:18:22] [Server thread/INFO] (Minecraft) Starting integrated minecraft server version 1.21
[01:18:22] [Server thread/INFO] (Minecraft) Generating keypair
[01:18:23] [Server thread/INFO] (Minecraft) Preparing start region for dimension minecraft:overworld
[01:18:23] [Render thread/INFO] (Minecraft) Preparing spawn area: 2%
[01:18:23] [Render thread/INFO] (Minecraft) Time elapsed: 128 ms
[01:18:23] [Server thread/INFO] (Minecraft) Changing view distance to 12, from 10
[01:18:23] [Server thread/INFO] (Minecraft) Changing simulation distance to 12, from 0
[01:18:24] [Server thread/INFO] (Minecraft) Player97[local:E:13e240ba] logged in with entity id 1 at (7.5, -60.0, 6.5)
[01:18:24] [Server thread/INFO] (Minecraft) Player97 joined the game
[01:18:24] [Render thread/INFO] (Minecraft) Loaded 2 advancements
[01:18:34] [Server thread/INFO] (Minecraft) Saving and pausing game...
[01:18:34] [Server thread/INFO] (Minecraft) Saving chunks for level 'ServerLevel[New World]'/minecraft:overworld
[01:18:34] [Server thread/INFO] (Minecraft) Saving chunks for level 'ServerLevel[New World]'/minecraft:the_end
[01:18:34] [Server thread/INFO] (Minecraft) Saving chunks for level 'ServerLevel[New World]'/minecraft:the_nether
[01:18:36] [Render thread/INFO] (Minecraft) Stopping!
[01:18:36] [Server thread/INFO] (Minecraft) Player97 lost connection: Disconnected
[01:18:36] [Server thread/INFO] (Minecraft) Player97 left the game
[01:18:36] [Server thread/INFO] (Minecraft) Stopping singleplayer server as player logged out
[01:18:36] [Server thread/INFO] (Minecraft) Stopping server
[01:18:36] [Server thread/INFO] (Minecraft) Saving players
[01:18:36] [Server thread/INFO] (Minecraft) Saving worlds
[01:18:36] [Server thread/INFO] (Minecraft) Saving chunks for level 'ServerLevel[New World]'/minecraft:overworld
[01:18:38] [Server thread/INFO] (Minecraft) Saving chunks for level 'ServerLevel[New World]'/minecraft:the_end
[01:18:38] [Server thread/INFO] (Minecraft) Saving chunks for level 'ServerLevel[New World]'/minecraft:the_nether
[01:18:38] [Server thread/INFO] (Minecraft) ThreadedAnvilChunkStorage (New World): All chunks are saved
[01:18:38] [Server thread/INFO] (Minecraft) ThreadedAnvilChunkStorage (DIM1): All chunks are saved
[01:18:38] [Server thread/INFO] (Minecraft) ThreadedAnvilChunkStorage (DIM-1): All chunks are saved
[01:18:38] [Server thread/INFO] (Minecraft) ThreadedAnvilChunkStorage: All dimensions are saved
