[20:25:04] [main/INFO] (FabricLoader/GameProvider) Loading Minecraft 1.21 with Fabric Loader 0.16.5
[20:25:04] [main/WARN] (FabricLoader/Resolution) Warnings were found!
 - Mod 'LYIVX's PalCards' (ls_core) 1.0.0-SNAPSHOT recommends any version of modmenu, which is missing!
	 - You should install any version of modmenu for the optimal experience.
[20:25:04] [main/INFO] (FabricLoader) Loading 59 mods:
	- architectury 13.0.6
	- fabric-api 0.102.0+1.21
	- fabric-api-base 0.4.42+6573ed8cd1
	- fabric-api-lookup-api-v1 1.6.68+b5597344d1
	- fabric-biome-api-v1 13.0.29+5bd9f1bcd1
	- fabric-block-api-v1 1.0.22+0af3f5a77c
	- fabric-block-view-api-v2 1.0.10+6573ed8cd1
	- fabric-blockrenderlayer-v1 1.1.52+0af3f5a77c
	- fabric-client-tags-api-v1 1.1.15+6573ed8cd1
	- fabric-command-api-v1 1.2.49+f71b366fd1
	- fabric-command-api-v2 2.2.28+6ced4dd9d1
	- fabric-commands-v0 0.2.66+df3654b3d1
	- fabric-content-registries-v0 8.0.16+b5597344d1
	- fabric-convention-tags-v1 2.0.19+7f945d5bd1
	- fabric-convention-tags-v2 2.5.0+c5e2b5c6d1
	- fabric-crash-report-info-v1 0.2.29+0af3f5a77c
	- fabric-data-attachment-api-v1 1.1.27+6a6dfa19d1
	- fabric-data-generation-api-v1 20.2.16+16c4ae25d1
	- fabric-dimensions-v1 4.0.0+6fc22b997c
	- fabric-entity-events-v1 1.6.12+6fc22b997c
	- fabric-events-interaction-v0 0.7.12+ba9dae06d1
	- fabric-game-rule-api-v1 1.0.53+6ced4dd9d1
	- fabric-gametest-api-v1 2.0.4+6fc22b99d1
	- fabric-item-api-v1 11.0.0+afdfc9217c
	- fabric-item-group-api-v1 4.1.4+78017270d1
	- fabric-key-binding-api-v1 1.0.47+0af3f5a77c
	- fabric-keybindings-v0 0.2.45+df3654b37c
	- fabric-lifecycle-events-v1 2.3.12+6c1df360d1
	- fabric-loot-api-v2 3.0.14+3f89f5a5d1
	- fabric-loot-api-v3 1.0.2+3f89f5a5d1
	- fabric-message-api-v1 6.0.13+6573ed8cd1
	- fabric-model-loading-api-v1 2.0.0+fe474d6bd1
	- fabric-networking-api-v1 4.2.2+60c3209bd1
	- fabric-object-builder-api-v1 15.2.0+a551f7a4d1
	- fabric-particles-v1 4.0.2+6573ed8cd1
	- fabric-recipe-api-v1 5.0.12+65089712d1
	- fabric-registry-sync-v0 5.1.2+60c3209bd1
	- fabric-renderer-api-v1 3.4.0+c705a49cd1
	- fabric-renderer-indigo 1.7.0+c705a49cd1
	- fabric-renderer-registries-v1 3.2.68+df3654b3d1
	- fabric-rendering-data-attachment-v1 0.3.48+73761d2ed1
	- fabric-rendering-fluids-v1 3.1.6+b55973447c
	- fabric-rendering-v0 1.1.71+df3654b3d1
	- fabric-rendering-v1 5.0.5+df16efd0d1
	- fabric-resource-conditions-api-v1 4.3.0+8dc279b1d1
	- fabric-resource-loader-v0 1.3.0+56599129d1
	- fabric-screen-api-v1 2.0.24+b55973447c
	- fabric-screen-handler-api-v1 1.3.86+b5597344d1
	- fabric-sound-api-v1 1.0.23+6573ed8cd1
	- fabric-transfer-api-v1 5.1.16+3dccd343d1
	- fabric-transitive-access-wideners-v1 6.1.0+176f9036d1
	- fabricloader 0.16.5
	- generated_0ca8cf2 1.0.0
	- java 21
	- jei 19.8.2.99
	- ls_core 1.0.0-SNAPSHOT
	- minecraft 1.21
	- mixinextras 0.4.1
	- resourcefullib 3.0.10
[20:25:04] [main/INFO] (FabricLoader/Mixin) SpongePowered MIXIN Subsystem Version=0.8.7 Source=file:/C:/Users/tommy/.gradle/caches/modules-2/files-2.1/net.fabricmc/sponge-mixin/0.15.3+mixin.0.8.7/51ee0a44ab05f6fddd66b09e66b3a16904f9c55d/sponge-mixin-0.15.3+mixin.0.8.7.jar Service=Knot/Fabric Env=CLIENT
[20:25:04] [main/INFO] (FabricLoader/Mixin) Loaded Fabric development mappings for mixin remapper!
[20:25:04] [main/INFO] (FabricLoader/Mixin) Compatibility level set to JAVA_17
[20:25:04] [main/INFO] (FabricLoader/Mixin) Compatibility level set to JAVA_21
[20:25:07] [main/INFO] (FabricLoader/MixinExtras|Service) Initializing MixinExtras via com.llamalad7.mixinextras.service.MixinExtrasServiceImpl(version=0.4.1).
[20:25:09] [Datafixer Bootstrap/INFO] (Minecraft) 226 Datafixer optimizations took 445 milliseconds
[20:25:22] [Render thread/INFO] (Minecraft) Environment: Environment[sessionHost=https://sessionserver.mojang.com, servicesHost=https://api.minecraftservices.com, name=PROD]
[20:25:22] [Render thread/INFO] (Minecraft) Setting user: Player112
[20:25:22] [Render thread/INFO] (Minecraft) [STDOUT]: Config will be saved to: D:\WorkSpaces\LYIVXsCore\fabric\run\config\ls_core\ls_core_config.json
[20:25:23] [Render thread/INFO] (Indigo) [Indigo] Registering Indigo renderer!
[20:25:23] [Render thread/INFO] (NetworkManagerImpl) Registering S2C receiver with id architectury:spawn_entity_packet
[20:25:24] [Render thread/INFO] (PluginCaller) Sending ConfigManager...
[20:25:24] [Render thread/INFO] (PluginCaller) Sending ConfigManager took 1.534 ms
[20:25:25] [Render thread/INFO] (Minecraft) Backend library: LWJGL version 3.3.3-snapshot
[20:25:28] [Render thread/INFO] (Minecraft) Reloading ResourceManager: vanilla, fabric, fabric-api, fabric-api-base, fabric-api-lookup-api-v1, fabric-biome-api-v1, fabric-block-api-v1, fabric-block-view-api-v2, fabric-blockrenderlayer-v1, fabric-client-tags-api-v1, fabric-command-api-v1, fabric-command-api-v2, fabric-commands-v0, fabric-content-registries-v0, fabric-convention-tags-v1, fabric-convention-tags-v2, fabric-crash-report-info-v1, fabric-data-attachment-api-v1, fabric-data-generation-api-v1, fabric-dimensions-v1, fabric-entity-events-v1, fabric-events-interaction-v0, fabric-game-rule-api-v1, fabric-gametest-api-v1, fabric-item-api-v1, fabric-item-group-api-v1, fabric-key-binding-api-v1, fabric-keybindings-v0, fabric-lifecycle-events-v1, fabric-loot-api-v2, fabric-loot-api-v3, fabric-message-api-v1, fabric-model-loading-api-v1, fabric-networking-api-v1, fabric-object-builder-api-v1, fabric-particles-v1, fabric-recipe-api-v1, fabric-registry-sync-v0, fabric-renderer-api-v1, fabric-renderer-indigo, fabric-renderer-registries-v1, fabric-rendering-data-attachment-v1, fabric-rendering-fluids-v1, fabric-rendering-v0, fabric-rendering-v1, fabric-resource-conditions-api-v1, fabric-resource-loader-v0, fabric-screen-api-v1, fabric-screen-handler-api-v1, fabric-sound-api-v1, fabric-transfer-api-v1, fabric-transitive-access-wideners-v1, fabricloader, generated_0ca8cf2, jei
[20:25:28] [Worker-Main-3/INFO] (Minecraft) Found unifont_all_no_pua-15.1.05.hex, loading
[20:25:28] [Worker-Main-3/INFO] (Minecraft) Found unifont_jp_patch-15.1.05.hex, loading
[20:25:30] [Render thread/WARN] (Minecraft) Missing sound for event: minecraft:item.goat_horn.play
[20:25:30] [Render thread/WARN] (Minecraft) Missing sound for event: minecraft:entity.goat.screaming.horn_break
[20:25:30] [Render thread/INFO] (Minecraft) OpenAL initialized on device OpenAL Soft on Speakers (HyperX QuadCast S)
[20:25:30] [Render thread/INFO] (Minecraft) Sound engine started
[20:25:30] [Render thread/INFO] (Minecraft) Created: 1024x512x4 minecraft:textures/atlas/blocks.png-atlas
[20:25:30] [Render thread/INFO] (Minecraft) Created: 256x256x4 minecraft:textures/atlas/signs.png-atlas
[20:25:30] [Render thread/INFO] (Minecraft) Created: 512x512x4 minecraft:textures/atlas/shield_patterns.png-atlas
[20:25:30] [Render thread/INFO] (Minecraft) Created: 512x512x4 minecraft:textures/atlas/banner_patterns.png-atlas
[20:25:30] [Render thread/INFO] (Minecraft) Created: 1024x1024x4 minecraft:textures/atlas/armor_trims.png-atlas
[20:25:30] [Render thread/INFO] (Minecraft) Created: 128x64x4 minecraft:textures/atlas/decorated_pot.png-atlas
[20:25:30] [Render thread/INFO] (Minecraft) Created: 256x256x4 minecraft:textures/atlas/chest.png-atlas
[20:25:30] [Render thread/INFO] (Minecraft) Created: 512x256x4 minecraft:textures/atlas/shulker_boxes.png-atlas
[20:25:30] [Render thread/INFO] (Minecraft) Created: 512x256x4 minecraft:textures/atlas/beds.png-atlas
[20:25:31] [Render thread/INFO] (Minecraft) Created: 512x256x0 minecraft:textures/atlas/particles.png-atlas
[20:25:31] [Render thread/INFO] (Minecraft) Created: 512x256x0 minecraft:textures/atlas/paintings.png-atlas
[20:25:31] [Render thread/INFO] (Minecraft) Created: 256x128x0 minecraft:textures/atlas/mob_effects.png-atlas
[20:25:31] [Render thread/INFO] (Minecraft) Created: 64x64x0 minecraft:textures/atlas/map_decorations.png-atlas
[20:25:31] [Render thread/INFO] (Minecraft) Created: 1024x512x0 minecraft:textures/atlas/gui.png-atlas
[20:25:31] [Render thread/WARN] (Minecraft) Shader rendertype_entity_translucent_emissive could not find sampler named Sampler2 in the specified shader program.
[20:25:31] [Render thread/INFO] (Minecraft) Created: 256x256x0 jei:textures/atlas/gui.png-atlas
[20:26:08] [Render thread/INFO] (Minecraft) Loaded 1290 recipes
[20:26:11] [Render thread/INFO] (Minecraft) Loaded 1399 advancements
[20:26:12] [Render thread/INFO] (BiomeModificationImpl) Applied 0 biome modifications to 0 of 64 new biomes in 1.124 ms
[20:26:12] [Server thread/INFO] (Minecraft) Starting integrated minecraft server version 1.21
[20:26:12] [Server thread/INFO] (Minecraft) Generating keypair
[20:26:13] [Server thread/INFO] (Minecraft) Preparing start region for dimension minecraft:overworld
[20:26:14] [Render thread/INFO] (Minecraft) Preparing spawn area: 0%
[20:26:14] [Render thread/INFO] (Minecraft) Preparing spawn area: 12%
[20:26:14] [Render thread/INFO] (Minecraft) Time elapsed: 536 ms
[20:26:14] [Server thread/INFO] (Minecraft) Changing view distance to 12, from 10
[20:26:14] [Server thread/INFO] (Minecraft) Changing simulation distance to 12, from 0
[20:26:15] [Server thread/ERROR] (Minecraft) Tried to load invalid item: 'Unknown registry key in ResourceKey[minecraft:root / minecraft:item]: ls_core:dark_oak_tree_card'
[20:26:15] [Server thread/ERROR] (Minecraft) Tried to load invalid item: 'Unknown registry key in ResourceKey[minecraft:root / minecraft:item]: ls_core:mangrove_tree_card'
[20:26:15] [Server thread/ERROR] (Minecraft) Tried to load invalid item: 'Unknown registry key in ResourceKey[minecraft:root / minecraft:item]: ls_core:cherry_tree_card'
[20:26:15] [Server thread/ERROR] (Minecraft) Tried to load invalid item: 'Unknown registry key in ResourceKey[minecraft:root / minecraft:item]: ls_core:oak_tree_card'
[20:26:15] [Server thread/INFO] (Minecraft) Player112[local:E:401d194d] logged in with entity id 1 at (-1.4935890868715418, -60.0, 2.439378034712633)
[20:26:15] [Server thread/INFO] (Minecraft) Player112 joined the game
[20:26:15] [Render thread/INFO] (LoggedTimer) Starting JEI...
[20:26:15] [Render thread/INFO] (PluginCaller) Registering item subtypes...
[20:26:15] [Render thread/INFO] (PluginCallerTimerRunnable) Registering item subtypes: jei:minecraft took 25.61 milliseconds
[20:26:15] [Render thread/INFO] (PluginCaller) Registering item subtypes took 26.49 ms
[20:26:15] [Render thread/INFO] (PluginCaller) Registering fluid subtypes...
[20:26:15] [Render thread/INFO] (PluginCallerTimerRunnable) Registering fluid subtypes: jei:debug took 12.35 milliseconds
[20:26:15] [Render thread/INFO] (PluginCaller) Registering fluid subtypes took 12.99 ms
[20:26:15] [Render thread/INFO] (PluginCaller) Registering ingredients...
[20:26:15] [Render thread/INFO] (PluginCallerTimerRunnable) Registering ingredients: jei:minecraft took 164.2 milliseconds
[20:26:15] [Render thread/INFO] (PluginCaller) Registering ingredients took 165.2 ms
[20:26:15] [Render thread/INFO] (PluginCaller) Registering Mod Info...
[20:26:15] [Render thread/INFO] (PluginCaller) Registering Mod Info took 736.2 ?s
[20:26:15] [Render thread/INFO] (PluginCaller) Registering categories...
[20:26:16] [Render thread/INFO] (PluginCallerTimerRunnable) Registering categories: jei:minecraft took 73.36 milliseconds
[20:26:16] [Render thread/INFO] (PluginCallerTimerRunnable) Registering categories: jei:internal took 13.67 milliseconds
[20:26:16] [Render thread/INFO] (PluginCaller) Registering categories took 88.60 ms
[20:26:16] [Render thread/INFO] (PluginCaller) Registering vanilla category extensions...
[20:26:16] [Render thread/INFO] (PluginCaller) Registering vanilla category extensions took 3.962 ms
[20:26:16] [Render thread/INFO] (PluginCaller) Registering recipe catalysts...
[20:26:16] [Render thread/INFO] (PluginCaller) Registering recipe catalysts took 1.658 ms
[20:26:16] [Render thread/INFO] (PluginCaller) Registering advanced plugins...
[20:26:16] [Render thread/INFO] (PluginCaller) Registering advanced plugins took 489.3 ?s
[20:26:16] [Render thread/INFO] (LoggedTimer) Building recipe registry...
[20:26:16] [Render thread/INFO] (LoggedTimer) Building recipe registry took 66.76 ms
[20:26:16] [Render thread/INFO] (PluginCaller) Registering recipes...
[20:26:16] [Render thread/INFO] (PluginCallerTimerRunnable) Registering recipes: jei:minecraft took 228.9 milliseconds
[20:26:16] [Render thread/INFO] (PluginCallerTimerRunnable) Registering recipes: jei:internal took 44.04 milliseconds
[20:26:16] [Render thread/INFO] (PluginCaller) Registering recipes took 274.5 ms
[20:26:16] [Render thread/INFO] (PluginCaller) Registering recipes transfer handlers...
[20:26:16] [Render thread/INFO] (PluginCallerTimerRunnable) Registering recipes transfer handlers: jei:minecraft took 20.29 milliseconds
[20:26:16] [Render thread/INFO] (PluginCaller) Registering recipes transfer handlers took 21.39 ms
[20:26:16] [Render thread/INFO] (LoggedTimer) Building runtime...
[20:26:16] [Render thread/INFO] (PluginCaller) Registering gui handlers...
[20:26:16] [Render thread/INFO] (PluginCallerTimerRunnable) Registering gui handlers: jei:minecraft took 26.27 milliseconds
[20:26:16] [Render thread/INFO] (PluginCaller) Registering gui handlers took 35.14 ms
[20:26:16] [Render thread/INFO] (PluginCaller) Registering Runtime...
[20:26:16] [Render thread/INFO] (JeiGuiStarter) Starting JEI GUI
[20:26:16] [Render thread/INFO] (LoggedTimer) Building ingredient list...
[20:26:16] [Render thread/INFO] (LoggedTimer) Building ingredient list took 5.466 ms
[20:26:16] [Render thread/INFO] (LoggedTimer) Building ingredient filter...
[20:26:16] [Render thread/INFO] (IngredientFilter) Adding 1717 ingredients
[20:26:16] [Render thread/INFO] (IngredientFilter) Added 1717/1717 ingredients
[20:26:16] [Render thread/INFO] (LoggedTimer) Building ingredient filter took 382.6 ms
[20:26:17] [Render thread/INFO] (PluginCallerTimerRunnable) Registering Runtime: jei:fabric_gui took 668.3 milliseconds
[20:26:17] [Render thread/INFO] (PluginCaller) Registering Runtime took 669.1 ms
[20:26:17] [Render thread/INFO] (LoggedTimer) Building runtime took 759.2 ms
[20:26:17] [Render thread/INFO] (PluginCaller) Sending Runtime...
[20:26:17] [Render thread/INFO] (PluginCaller) Sending Runtime took 503.7 ?s
[20:26:17] [Render thread/INFO] (LoggedTimer) Starting JEI took 1.563 s
[20:26:17] [Render thread/INFO] (Minecraft) Loaded 2 advancements
[20:26:21] [Server thread/INFO] (Minecraft) Saving and pausing game...
[20:26:21] [Server thread/INFO] (Minecraft) Saving chunks for level 'ServerLevel[New World]'/minecraft:overworld
[20:26:21] [Server thread/INFO] (Minecraft) Saving chunks for level 'ServerLevel[New World]'/minecraft:the_end
[20:26:21] [Server thread/INFO] (Minecraft) Saving chunks for level 'ServerLevel[New World]'/minecraft:the_nether
[20:26:27] [Server thread/INFO] (Minecraft) Saving and pausing game...
[20:26:27] [Server thread/INFO] (Minecraft) Saving chunks for level 'ServerLevel[New World]'/minecraft:overworld
[20:26:27] [Server thread/INFO] (Minecraft) Saving chunks for level 'ServerLevel[New World]'/minecraft:the_end
[20:26:27] [Server thread/INFO] (Minecraft) Saving chunks for level 'ServerLevel[New World]'/minecraft:the_nether
[20:26:42] [Server thread/INFO] (Minecraft) Saving and pausing game...
[20:26:42] [Server thread/INFO] (Minecraft) Saving chunks for level 'ServerLevel[New World]'/minecraft:overworld
[20:26:42] [Server thread/INFO] (Minecraft) Saving chunks for level 'ServerLevel[New World]'/minecraft:the_end
[20:26:42] [Server thread/INFO] (Minecraft) Saving chunks for level 'ServerLevel[New World]'/minecraft:the_nether
[20:27:54] [Server thread/INFO] (Minecraft) Saving and pausing game...
[20:27:54] [Server thread/INFO] (Minecraft) Saving chunks for level 'ServerLevel[New World]'/minecraft:overworld
[20:27:54] [Server thread/INFO] (Minecraft) Saving chunks for level 'ServerLevel[New World]'/minecraft:the_end
[20:27:54] [Server thread/INFO] (Minecraft) Saving chunks for level 'ServerLevel[New World]'/minecraft:the_nether
[20:27:55] [Render thread/INFO] (Minecraft) Stopping!
[20:27:55] [Server thread/INFO] (Minecraft) Player112 lost connection: Disconnected
[20:27:55] [Server thread/INFO] (Minecraft) Player112 left the game
[20:27:55] [Server thread/INFO] (Minecraft) Stopping singleplayer server as player logged out
[20:27:55] [Server thread/INFO] (Minecraft) Stopping server
[20:27:55] [Server thread/INFO] (Minecraft) Saving players
[20:27:55] [Server thread/INFO] (Minecraft) Saving worlds
[20:27:55] [Server thread/INFO] (Minecraft) Saving chunks for level 'ServerLevel[New World]'/minecraft:overworld
[20:27:55] [Server thread/INFO] (Minecraft) Saving chunks for level 'ServerLevel[New World]'/minecraft:the_end
[20:27:55] [Server thread/INFO] (Minecraft) Saving chunks for level 'ServerLevel[New World]'/minecraft:the_nether
[20:27:55] [Server thread/INFO] (Minecraft) ThreadedAnvilChunkStorage (New World): All chunks are saved
[20:27:55] [Server thread/INFO] (Minecraft) ThreadedAnvilChunkStorage (DIM1): All chunks are saved
[20:27:55] [Server thread/INFO] (Minecraft) ThreadedAnvilChunkStorage (DIM-1): All chunks are saved
[20:27:55] [Server thread/INFO] (Minecraft) ThreadedAnvilChunkStorage: All dimensions are saved
